<?xml version="1.0" encoding="UTF-8"?>
<!-- Generated by org.testng.reporters.JUnitReportReporter -->
<testsuite hostname="Sweety" name="com.kayak.runner.TestrRunner1" tests="1" failures="0" timestamp="26 Jul 2020 07:20:20 GMT" time="0.025" errors="0">
  <testcase name="feature" time="0.025" classname="com.kayak.runner.TestrRunner1"/>
</testsuite> <!-- com.kayak.runner.TestrRunner1 -->
